Using pre-set license
Built from '2021.2/staging' branch; Version is '2021.2.7f1 (6bd9e232123f) revision 7068130'; Using compiler version '192829333'; Build Type 'Release'
OS: 'Windows 10  (10.0.19043) 64bit Core' Language: 'en' Physical Memory: 12109 MB
BatchMode: 1, IsHumanControllingUs: 0, StartBugReporterOnCrash: 0, Is64bit: 1, IsPro: 0

COMMAND LINE ARGUMENTS:
C:\Program Files\Unity\Hub\Editor\2021.2.7f1\Editor\Unity.exe
-adb2
-batchMode
-noUpm
-name
AssetImportWorker0
-projectPath
C:/Users/Admin PC/Desktop/GAME3004_Labs_HF/Lab3_HF
-logFile
Logs/AssetImportWorker0.log
-srvPort
51428
Successfully changed project path to: C:/Users/Admin PC/Desktop/GAME3004_Labs_HF/Lab3_HF
C:/Users/Admin PC/Desktop/GAME3004_Labs_HF/Lab3_HF
[UnityMemory] Configuration Parameters - Can be set up in boot.config
    "memorysetup-bucket-allocator-granularity=16"
    "memorysetup-bucket-allocator-bucket-count=8"
    "memorysetup-bucket-allocator-block-size=33554432"
    "memorysetup-bucket-allocator-block-count=8"
    "memorysetup-main-allocator-block-size=16777216"
    "memorysetup-thread-allocator-block-size=16777216"
    "memorysetup-gfx-main-allocator-block-size=16777216"
    "memorysetup-gfx-thread-allocator-block-size=16777216"
    "memorysetup-cache-allocator-block-size=4194304"
    "memorysetup-typetree-allocator-block-size=2097152"
    "memorysetup-profiler-bucket-allocator-granularity=16"
    "memorysetup-profiler-bucket-allocator-bucket-count=8"
    "memorysetup-profiler-bucket-allocator-block-size=33554432"
    "memorysetup-profiler-bucket-allocator-block-count=8"
    "memorysetup-profiler-allocator-block-size=16777216"
    "memorysetup-profiler-editor-allocator-block-size=1048576"
    "memorysetup-temp-allocator-size-main=16777216"
    "memorysetup-job-temp-allocator-block-size=2097152"
    "memorysetup-job-temp-allocator-block-size-background=1048576"
    "memorysetup-job-temp-allocator-reduction-small-platforms=262144"
    "memorysetup-temp-allocator-size-background-worker=32768"
    "memorysetup-temp-allocator-size-job-worker=262144"
    "memorysetup-temp-allocator-size-preload-manager=33554432"
    "memorysetup-temp-allocator-size-nav-mesh-worker=65536"
    "memorysetup-temp-allocator-size-audio-worker=65536"
    "memorysetup-temp-allocator-size-cloud-worker=32768"
    "memorysetup-temp-allocator-size-gi-baking-worker=262144"
    "memorysetup-temp-allocator-size-gfx=262144"
Refreshing native plugins compatible for Editor in 99.36 ms, found 4 plugins.
Preloading 0 native plugins for Editor in 0.00 ms.
Initialize engine version: 2021.2.7f1 (6bd9e232123f)
[Subsystems] Discovering subsystems at path C:/Program Files/Unity/Hub/Editor/2021.2.7f1/Editor/Data/Resources/UnitySubsystems
[Subsystems] Discovering subsystems at path C:/Users/Admin PC/Desktop/GAME3004_Labs_HF/Lab3_HF/Assets
GfxDevice: creating device client; threaded=0; jobified=0
Direct3D:
    Version:  Direct3D 11.0 [level 11.0]
    Renderer: NVIDIA GeForce GTX 745 (ID=0x1382)
    Vendor:   NVIDIA
    VRAM:     4053 MB
    Driver:   30.0.14.9649
Initialize mono
Mono path[0] = 'C:/Program Files/Unity/Hub/Editor/2021.2.7f1/Editor/Data/Managed'
Mono path[1] = 'C:/Program Files/Unity/Hub/Editor/2021.2.7f1/Editor/Data/MonoBleedingEdge/lib/mono/unityjit-win32'
Mono config path = 'C:/Program Files/Unity/Hub/Editor/2021.2.7f1/Editor/Data/MonoBleedingEdge/etc'
Using monoOptions --debugger-agent=transport=dt_socket,embedding=1,server=y,suspend=n,address=127.0.0.1:56244
Begin MonoManager ReloadAssembly
Registering precompiled unity dll's ...
Register platform support module: C:/Program Files/Unity/Hub/Editor/2021.2.7f1/Editor/Data/PlaybackEngines/WebGLSupport/UnityEditor.WebGL.Extensions.dll
Register platform support module: C:/Program Files/Unity/Hub/Editor/2021.2.7f1/Editor/Data/PlaybackEngines/WindowsStandaloneSupport/UnityEditor.WindowsStandalone.Extensions.dll
Registered in 0.011674 seconds.
Native extension for WindowsStandalone target not found
Native extension for WebGL target not found
Refreshing native plugins compatible for Editor in 98.62 ms, found 4 plugins.
Preloading 0 native plugins for Editor in 0.00 ms.
Mono: successfully reloaded assembly
- Completed reload, in  0.869 seconds
Domain Reload Profiling:
	ReloadAssembly (870ms)
		BeginReloadAssembly (105ms)
			ExecutionOrderSort (0ms)
			DisableScriptedObjects (0ms)
			BackupInstance (0ms)
			ReleaseScriptingObjects (0ms)
			CreateAndSetChildDomain (1ms)
		EndReloadAssembly (660ms)
			LoadAssemblies (102ms)
			RebuildTransferFunctionScriptingTraits (0ms)
			SetupTypeCache (182ms)
			ReleaseScriptCaches (0ms)
			RebuildScriptCaches (33ms)
			SetupLoadedEditorAssemblies (369ms)
				LogAssemblyErrors (0ms)
				InitializePlatformSupportModulesInManaged (22ms)
				SetLoadedEditorAssemblies (0ms)
				RefreshPlugins (99ms)
				BeforeProcessingInitializeOnLoad (2ms)
				ProcessInitializeOnLoadAttributes (189ms)
				ProcessInitializeOnLoadMethodAttributes (57ms)
				AfterProcessingInitializeOnLoad (0ms)
				EditorAssembliesLoaded (0ms)
			ExecutionOrderSort2 (0ms)
			AwakeInstancesAfterBackupRestoration (0ms)
Platform modules already initialized, skipping
Registering precompiled user dll's ...
Registered in 0.012983 seconds.
Begin MonoManager ReloadAssembly
Symbol file LoadedFromMemory doesn't match image C:\Users\Admin PC\Desktop\GAME3004_Labs_HF\Lab3_HF\Library\PackageCache\com.unity.visualscripting@1.7.7\Editor\VisualScripting.Core\Dependencies\YamlDotNet\Unity.VisualScripting.YamlDotNet.dll
Symbol file LoadedFromMemory doesn't match image C:\Users\Admin PC\Desktop\GAME3004_Labs_HF\Lab3_HF\Library\PackageCache\com.unity.visualscripting@1.7.7\Editor\VisualScripting.Core\Dependencies\DotNetZip\Unity.VisualScripting.IonicZip.dll
Native extension for WindowsStandalone target not found
Native extension for WebGL target not found
Refreshing native plugins compatible for Editor in 0.75 ms, found 4 plugins.
Preloading 0 native plugins for Editor in 0.00 ms.
Mono: successfully reloaded assembly
Package Manager log level set to [2]
- Completed reload, in  1.414 seconds
Domain Reload Profiling:
	ReloadAssembly (1415ms)
		BeginReloadAssembly (196ms)
			ExecutionOrderSort (0ms)
			DisableScriptedObjects (11ms)
			BackupInstance (0ms)
			ReleaseScriptingObjects (0ms)
			CreateAndSetChildDomain (40ms)
		EndReloadAssembly (1093ms)
			LoadAssemblies (130ms)
			RebuildTransferFunctionScriptingTraits (0ms)
			SetupTypeCache (282ms)
			ReleaseScriptCaches (1ms)
			RebuildScriptCaches (80ms)
			SetupLoadedEditorAssemblies (549ms)
				LogAssemblyErrors (0ms)
				InitializePlatformSupportModulesInManaged (21ms)
				SetLoadedEditorAssemblies (1ms)
				RefreshPlugins (1ms)
				BeforeProcessingInitializeOnLoad (199ms)
				ProcessInitializeOnLoadAttributes (289ms)
				ProcessInitializeOnLoadMethodAttributes (26ms)
				AfterProcessingInitializeOnLoad (12ms)
				EditorAssembliesLoaded (0ms)
			ExecutionOrderSort2 (0ms)
			AwakeInstancesAfterBackupRestoration (7ms)
Platform modules already initialized, skipping
========================================================================
Worker process is ready to serve import requests
Launched and connected shader compiler UnityShaderCompiler.exe after 0.09 seconds
Refreshing native plugins compatible for Editor in 0.65 ms, found 4 plugins.
Preloading 0 native plugins for Editor in 0.00 ms.
Unloading 3532 Unused Serialized files (Serialized files now loaded: 0)
Unloading 40 unused Assets / (56.1 KB). Loaded Objects now: 3976.
Memory consumption went from 121.1 MB to 121.0 MB.
Total: 4.051800 ms (FindLiveObjects: 0.478300 ms CreateObjectMapping: 0.330400 ms MarkObjects: 3.090400 ms  DeleteObjects: 0.150900 ms)

AssetImportParameters requested are different than current active one (requested -> active):
  custom:video-decoder-ogg-theora: a1e56fd34408186e4bbccfd4996cb3dc -> 
  custom:container-muxer-webm: aa71ff27fc2769a1b78a27578f13a17b -> 
  custom:container-demuxer-webm: 4f35f7cbe854078d1ac9338744f61a02 -> 
  custom:video-encoder-webm-vp8: eb34c28f22e8b96e1ab97ce403110664 -> 
  custom:video-codec-MediaFoundation-h265: 746d11721c4dcdbdad8f713fa42b33f4 -> 
  custom:audio-encoder-webm-vorbis: bf7c407c2cedff20999df2af8eb42d56 -> 
  custom:framework-win-MediaFoundation: 216162199b28c13a410421893ffa2e32 -> 
  custom:container-demuxer-ogg: 62fdf1f143b41e24485cea50d1cbac27 -> 
  custom:video-decoder-webm-vp8: 9c59270c3fd7afecdb556c50c9e8de78 -> 
  custom:audio-decoder-ogg-vorbis: bf7c407c2cedff20999df2af8eb42d56 -> 
========================================================================
Received Import Request.
  Time since last request: 11934.220128 seconds.
  path: Assets/Materials/CustomSkyBox.mat
  artifactKey: Guid(2ce261184bfc5e44e8deb904e1dfde68) Importer(815301076,1909f56bfc062723c751e8b465ee728b)
Start importing Assets/Materials/CustomSkyBox.mat using Guid(2ce261184bfc5e44e8deb904e1dfde68) Importer(815301076,1909f56bfc062723c751e8b465ee728b)  -> (artifact id: '5b065593ca992d05bb8719afaa19d81e') in 0.222147 seconds 
========================================================================
Received Import Request.
  Time since last request: 38.979563 seconds.
  path: Assets/Materials/CustomSkyBox.mat
  artifactKey: Guid(2ce261184bfc5e44e8deb904e1dfde68) Importer(815301076,1909f56bfc062723c751e8b465ee728b)
Start importing Assets/Materials/CustomSkyBox.mat using Guid(2ce261184bfc5e44e8deb904e1dfde68) Importer(815301076,1909f56bfc062723c751e8b465ee728b)  -> (artifact id: 'ad79b665397fd75209675766edbeeb92') in 0.116555 seconds 
========================================================================
Received Import Request.
  Time since last request: 34.208131 seconds.
  path: Assets/Materials/CustomSkyBox.mat
  artifactKey: Guid(2ce261184bfc5e44e8deb904e1dfde68) Importer(815301076,1909f56bfc062723c751e8b465ee728b)
Start importing Assets/Materials/CustomSkyBox.mat using Guid(2ce261184bfc5e44e8deb904e1dfde68) Importer(815301076,1909f56bfc062723c751e8b465ee728b)  -> (artifact id: '156b31707dd7b7709fb9e41066018b71') in 0.017693 seconds 
========================================================================
Received Import Request.
  Time since last request: 72.261110 seconds.
  path: Assets/Materials/CustomSkyBox.mat
  artifactKey: Guid(2ce261184bfc5e44e8deb904e1dfde68) Importer(815301076,1909f56bfc062723c751e8b465ee728b)
Start importing Assets/Materials/CustomSkyBox.mat using Guid(2ce261184bfc5e44e8deb904e1dfde68) Importer(815301076,1909f56bfc062723c751e8b465ee728b)  -> (artifact id: 'b807d7ef6172899903bc7e75f52956ae') in 0.016165 seconds 
========================================================================
Received Import Request.
  Time since last request: 1.590523 seconds.
  path: Assets/Materials/CustomSkyBox.mat
  artifactKey: Guid(2ce261184bfc5e44e8deb904e1dfde68) Importer(815301076,1909f56bfc062723c751e8b465ee728b)
Start importing Assets/Materials/CustomSkyBox.mat using Guid(2ce261184bfc5e44e8deb904e1dfde68) Importer(815301076,1909f56bfc062723c751e8b465ee728b)  -> (artifact id: '1e7e7486c546fee5d0d28b736eea1fe5') in 0.015758 seconds 
========================================================================
Received Import Request.
  Time since last request: 18.290133 seconds.
  path: Assets/Materials/CustomSkyBox.mat
  artifactKey: Guid(2ce261184bfc5e44e8deb904e1dfde68) Importer(815301076,1909f56bfc062723c751e8b465ee728b)
Start importing Assets/Materials/CustomSkyBox.mat using Guid(2ce261184bfc5e44e8deb904e1dfde68) Importer(815301076,1909f56bfc062723c751e8b465ee728b)  -> (artifact id: '9a5114f07b4699844f9d459deb14d666') in 0.017122 seconds 
========================================================================
Received Import Request.
  Time since last request: 176.930655 seconds.
  path: Assets/Materials/CustomSkyBox.mat
  artifactKey: Guid(2ce261184bfc5e44e8deb904e1dfde68) Importer(815301076,1909f56bfc062723c751e8b465ee728b)
Start importing Assets/Materials/CustomSkyBox.mat using Guid(2ce261184bfc5e44e8deb904e1dfde68) Importer(815301076,1909f56bfc062723c751e8b465ee728b)  -> (artifact id: '0f2a7898d2f0db3a14e7f4c8a9d59127') in 0.023435 seconds 
========================================================================
Received Import Request.
  Time since last request: 2.663206 seconds.
  path: Assets/Materials/CustomSkyBox.mat
  artifactKey: Guid(2ce261184bfc5e44e8deb904e1dfde68) Importer(815301076,1909f56bfc062723c751e8b465ee728b)
Start importing Assets/Materials/CustomSkyBox.mat using Guid(2ce261184bfc5e44e8deb904e1dfde68) Importer(815301076,1909f56bfc062723c751e8b465ee728b)  -> (artifact id: '8e1317df4b2675ec8c93b627353f8997') in 0.017226 seconds 
========================================================================
Received Import Request.
  Time since last request: 25.777799 seconds.
  path: Assets/Materials/CustomSkyBox.mat
  artifactKey: Guid(2ce261184bfc5e44e8deb904e1dfde68) Importer(815301076,1909f56bfc062723c751e8b465ee728b)
Start importing Assets/Materials/CustomSkyBox.mat using Guid(2ce261184bfc5e44e8deb904e1dfde68) Importer(815301076,1909f56bfc062723c751e8b465ee728b)  -> (artifact id: '4fff0450a787f8b6b95a8f895eeb278a') in 0.017702 seconds 
========================================================================
Received Import Request.
  Time since last request: 21.520564 seconds.
  path: Assets/Materials/CustomSkyBox.mat
  artifactKey: Guid(2ce261184bfc5e44e8deb904e1dfde68) Importer(815301076,1909f56bfc062723c751e8b465ee728b)
Start importing Assets/Materials/CustomSkyBox.mat using Guid(2ce261184bfc5e44e8deb904e1dfde68) Importer(815301076,1909f56bfc062723c751e8b465ee728b)  -> (artifact id: 'da9c4852b907dd960202299f8c3c7c5a') in 0.017502 seconds 
========================================================================
Received Import Request.
  Time since last request: 19.626276 seconds.
  path: Assets/Materials/CustomSkyBox.mat
  artifactKey: Guid(2ce261184bfc5e44e8deb904e1dfde68) Importer(815301076,1909f56bfc062723c751e8b465ee728b)
Start importing Assets/Materials/CustomSkyBox.mat using Guid(2ce261184bfc5e44e8deb904e1dfde68) Importer(815301076,1909f56bfc062723c751e8b465ee728b)  -> (artifact id: 'b77b99950b6ad704d77dd4e8dc58ec44') in 0.017768 seconds 
========================================================================
Received Import Request.
  Time since last request: 2.304407 seconds.
  path: Assets/Materials/CustomSkyBox.mat
  artifactKey: Guid(2ce261184bfc5e44e8deb904e1dfde68) Importer(815301076,1909f56bfc062723c751e8b465ee728b)
Start importing Assets/Materials/CustomSkyBox.mat using Guid(2ce261184bfc5e44e8deb904e1dfde68) Importer(815301076,1909f56bfc062723c751e8b465ee728b)  -> (artifact id: '1917f3114361d5fffc133e4b196ec005') in 0.017524 seconds 
========================================================================
Received Import Request.
  Time since last request: 1.974724 seconds.
  path: Assets/Materials/CustomSkyBox.mat
  artifactKey: Guid(2ce261184bfc5e44e8deb904e1dfde68) Importer(815301076,1909f56bfc062723c751e8b465ee728b)
Start importing Assets/Materials/CustomSkyBox.mat using Guid(2ce261184bfc5e44e8deb904e1dfde68) Importer(815301076,1909f56bfc062723c751e8b465ee728b)  -> (artifact id: '03b26cb55fdba87b548b17df9657b29e') in 0.018281 seconds 
========================================================================
Received Import Request.
  Time since last request: 7.518133 seconds.
  path: Assets/Materials/CustomSkyBox.mat
  artifactKey: Guid(2ce261184bfc5e44e8deb904e1dfde68) Importer(815301076,1909f56bfc062723c751e8b465ee728b)
Start importing Assets/Materials/CustomSkyBox.mat using Guid(2ce261184bfc5e44e8deb904e1dfde68) Importer(815301076,1909f56bfc062723c751e8b465ee728b)  -> (artifact id: 'fa5b006b8074462c792e7b1249fdda92') in 0.016512 seconds 
========================================================================
Received Import Request.
  Time since last request: 16.014402 seconds.
  path: Assets/Materials/CustomSkyBox.mat
  artifactKey: Guid(2ce261184bfc5e44e8deb904e1dfde68) Importer(815301076,1909f56bfc062723c751e8b465ee728b)
Start importing Assets/Materials/CustomSkyBox.mat using Guid(2ce261184bfc5e44e8deb904e1dfde68) Importer(815301076,1909f56bfc062723c751e8b465ee728b)  -> (artifact id: '328a3d942a8daf0ec7b55df839bd6dd9') in 0.016939 seconds 
========================================================================
Received Import Request.
  Time since last request: 84.839582 seconds.
  path: Assets/[Scenes]/Main/NavMesh.asset
  artifactKey: Guid(ac573f2c047118b45a0a8e29123ca92d) Importer(815301076,1909f56bfc062723c751e8b465ee728b)
Start importing Assets/[Scenes]/Main/NavMesh.asset using Guid(ac573f2c047118b45a0a8e29123ca92d) Importer(815301076,1909f56bfc062723c751e8b465ee728b)  -> (artifact id: '387f80f6f8e5d4fbcbc1327462a43868') in 0.008416 seconds 
========================================================================
Received Prepare
Refreshing native plugins compatible for Editor in 15.14 ms, found 4 plugins.
Preloading 0 native plugins for Editor in 0.00 ms.
Unloading 33 Unused Serialized files (Serialized files now loaded: 0)
Unloading 33 unused Assets / (21.9 KB). Loaded Objects now: 4016.
Memory consumption went from 55.7 MB to 55.7 MB.
Total: 7.624900 ms (FindLiveObjects: 0.339600 ms CreateObjectMapping: 0.396500 ms MarkObjects: 6.841000 ms  DeleteObjects: 0.046600 ms)

AssetImportParameters requested are different than current active one (requested -> active):
  custom:video-decoder-ogg-theora: a1e56fd34408186e4bbccfd4996cb3dc -> 
  custom:container-muxer-webm: aa71ff27fc2769a1b78a27578f13a17b -> 
  custom:container-demuxer-webm: 4f35f7cbe854078d1ac9338744f61a02 -> 
  custom:video-encoder-webm-vp8: eb34c28f22e8b96e1ab97ce403110664 -> 
  custom:video-codec-MediaFoundation-h265: 746d11721c4dcdbdad8f713fa42b33f4 -> 
  custom:audio-encoder-webm-vorbis: bf7c407c2cedff20999df2af8eb42d56 -> 
  custom:framework-win-MediaFoundation: 216162199b28c13a410421893ffa2e32 -> 
  custom:container-demuxer-ogg: 62fdf1f143b41e24485cea50d1cbac27 -> 
  custom:video-decoder-webm-vp8: 9c59270c3fd7afecdb556c50c9e8de78 -> 
  custom:audio-decoder-ogg-vorbis: bf7c407c2cedff20999df2af8eb42d56 -> 
========================================================================
Received Prepare
Refreshing native plugins compatible for Editor in 13.79 ms, found 4 plugins.
Preloading 0 native plugins for Editor in 0.00 ms.
Unloading 33 Unused Serialized files (Serialized files now loaded: 0)
Unloading 33 unused Assets / (21.9 KB). Loaded Objects now: 4016.
Memory consumption went from 55.7 MB to 55.7 MB.
Total: 4.015900 ms (FindLiveObjects: 0.337700 ms CreateObjectMapping: 0.267600 ms MarkObjects: 3.351300 ms  DeleteObjects: 0.057700 ms)

AssetImportParameters requested are different than current active one (requested -> active):
  custom:video-decoder-ogg-theora: a1e56fd34408186e4bbccfd4996cb3dc -> 
  custom:container-muxer-webm: aa71ff27fc2769a1b78a27578f13a17b -> 
  custom:container-demuxer-webm: 4f35f7cbe854078d1ac9338744f61a02 -> 
  custom:video-encoder-webm-vp8: eb34c28f22e8b96e1ab97ce403110664 -> 
  custom:video-codec-MediaFoundation-h265: 746d11721c4dcdbdad8f713fa42b33f4 -> 
  custom:audio-encoder-webm-vorbis: bf7c407c2cedff20999df2af8eb42d56 -> 
  custom:framework-win-MediaFoundation: 216162199b28c13a410421893ffa2e32 -> 
  custom:container-demuxer-ogg: 62fdf1f143b41e24485cea50d1cbac27 -> 
  custom:video-decoder-webm-vp8: 9c59270c3fd7afecdb556c50c9e8de78 -> 
  custom:audio-decoder-ogg-vorbis: bf7c407c2cedff20999df2af8eb42d56 -> 
========================================================================
Received Prepare
Registering precompiled user dll's ...
Registered in 0.011312 seconds.
Begin MonoManager ReloadAssembly
Symbol file LoadedFromMemory doesn't match image C:\Users\Admin PC\Desktop\GAME3004_Labs_HF\Lab3_HF\Library\PackageCache\com.unity.visualscripting@1.7.7\Editor\VisualScripting.Core\Dependencies\YamlDotNet\Unity.VisualScripting.YamlDotNet.dll
Symbol file LoadedFromMemory doesn't match image C:\Users\Admin PC\Desktop\GAME3004_Labs_HF\Lab3_HF\Library\PackageCache\com.unity.visualscripting@1.7.7\Editor\VisualScripting.Core\Dependencies\DotNetZip\Unity.VisualScripting.IonicZip.dll
Native extension for WindowsStandalone target not found
Native extension for WebGL target not found
Refreshing native plugins compatible for Editor in 1.06 ms, found 4 plugins.
Preloading 0 native plugins for Editor in 0.00 ms.
Mono: successfully reloaded assembly
- Completed reload, in  1.118 seconds
Domain Reload Profiling:
	ReloadAssembly (1119ms)
		BeginReloadAssembly (178ms)
			ExecutionOrderSort (0ms)
			DisableScriptedObjects (5ms)
			BackupInstance (0ms)
			ReleaseScriptingObjects (0ms)
			CreateAndSetChildDomain (42ms)
		EndReloadAssembly (808ms)
			LoadAssemblies (119ms)
			RebuildTransferFunctionScriptingTraits (0ms)
			SetupTypeCache (249ms)
			ReleaseScriptCaches (1ms)
			RebuildScriptCaches (44ms)
			SetupLoadedEditorAssemblies (355ms)
				LogAssemblyErrors (0ms)
				InitializePlatformSupportModulesInManaged (17ms)
				SetLoadedEditorAssemblies (1ms)
				RefreshPlugins (1ms)
				BeforeProcessingInitializeOnLoad (83ms)
				ProcessInitializeOnLoadAttributes (216ms)
				ProcessInitializeOnLoadMethodAttributes (24ms)
				AfterProcessingInitializeOnLoad (13ms)
				EditorAssembliesLoaded (0ms)
			ExecutionOrderSort2 (0ms)
			AwakeInstancesAfterBackupRestoration (10ms)
Platform modules already initialized, skipping
Refreshing native plugins compatible for Editor in 1.13 ms, found 4 plugins.
Preloading 0 native plugins for Editor in 0.00 ms.
Unloading 3526 Unused Serialized files (Serialized files now loaded: 0)
Unloading 35 unused Assets / (25.7 KB). Loaded Objects now: 4017.
Memory consumption went from 125.5 MB to 125.4 MB.
Total: 3.506900 ms (FindLiveObjects: 0.302600 ms CreateObjectMapping: 0.220300 ms MarkObjects: 2.957900 ms  DeleteObjects: 0.025300 ms)

AssetImportParameters requested are different than current active one (requested -> active):
  custom:video-decoder-ogg-theora: a1e56fd34408186e4bbccfd4996cb3dc -> 
  custom:container-muxer-webm: aa71ff27fc2769a1b78a27578f13a17b -> 
  custom:container-demuxer-webm: 4f35f7cbe854078d1ac9338744f61a02 -> 
  custom:video-encoder-webm-vp8: eb34c28f22e8b96e1ab97ce403110664 -> 
  custom:video-codec-MediaFoundation-h265: 746d11721c4dcdbdad8f713fa42b33f4 -> 
  custom:audio-encoder-webm-vorbis: bf7c407c2cedff20999df2af8eb42d56 -> 
  custom:framework-win-MediaFoundation: 216162199b28c13a410421893ffa2e32 -> 
  custom:container-demuxer-ogg: 62fdf1f143b41e24485cea50d1cbac27 -> 
  custom:video-decoder-webm-vp8: 9c59270c3fd7afecdb556c50c9e8de78 -> 
  custom:audio-decoder-ogg-vorbis: bf7c407c2cedff20999df2af8eb42d56 -> 
========================================================================
Received Prepare
Refreshing native plugins compatible for Editor in 11.32 ms, found 4 plugins.
Preloading 0 native plugins for Editor in 0.00 ms.
Unloading 33 Unused Serialized files (Serialized files now loaded: 0)
Unloading 33 unused Assets / (22.0 KB). Loaded Objects now: 4017.
Memory consumption went from 55.6 MB to 55.6 MB.
Total: 5.174700 ms (FindLiveObjects: 0.471600 ms CreateObjectMapping: 0.322600 ms MarkObjects: 4.329100 ms  DeleteObjects: 0.050600 ms)

AssetImportParameters requested are different than current active one (requested -> active):
  graphicsApiMask: 2048 -> 2304
  custom:video-decoder-ogg-theora: a1e56fd34408186e4bbccfd4996cb3dc -> 
  custom:container-muxer-webm: aa71ff27fc2769a1b78a27578f13a17b -> 
  custom:container-demuxer-webm: 4f35f7cbe854078d1ac9338744f61a02 -> 
  custom:video-encoder-webm-vp8: eb34c28f22e8b96e1ab97ce403110664 -> 
  custom:video-codec-MediaFoundation-h265: 746d11721c4dcdbdad8f713fa42b33f4 -> 
  custom:audio-encoder-webm-vorbis: bf7c407c2cedff20999df2af8eb42d56 -> 
  custom:framework-win-MediaFoundation: 216162199b28c13a410421893ffa2e32 -> 
  custom:container-demuxer-ogg: 62fdf1f143b41e24485cea50d1cbac27 -> 
  custom:video-decoder-webm-vp8: 9c59270c3fd7afecdb556c50c9e8de78 -> 
  custom:audio-decoder-ogg-vorbis: bf7c407c2cedff20999df2af8eb42d56 -> 
========================================================================
Received Prepare
Registering precompiled user dll's ...
Registered in 0.009098 seconds.
Begin MonoManager ReloadAssembly
Symbol file LoadedFromMemory doesn't match image C:\Users\Admin PC\Desktop\GAME3004_Labs_HF\Lab3_HF\Library\PackageCache\com.unity.visualscripting@1.7.7\Editor\VisualScripting.Core\Dependencies\YamlDotNet\Unity.VisualScripting.YamlDotNet.dll
Symbol file LoadedFromMemory doesn't match image C:\Users\Admin PC\Desktop\GAME3004_Labs_HF\Lab3_HF\Library\PackageCache\com.unity.visualscripting@1.7.7\Editor\VisualScripting.Core\Dependencies\DotNetZip\Unity.VisualScripting.IonicZip.dll
Native extension for WindowsStandalone target not found
Native extension for WebGL target not found
Refreshing native plugins compatible for Editor in 0.65 ms, found 4 plugins.
Preloading 0 native plugins for Editor in 0.00 ms.
Mono: successfully reloaded assembly
- Completed reload, in  1.155 seconds
Domain Reload Profiling:
	ReloadAssembly (1156ms)
		BeginReloadAssembly (172ms)
			ExecutionOrderSort (0ms)
			DisableScriptedObjects (7ms)
			BackupInstance (0ms)
			ReleaseScriptingObjects (0ms)
			CreateAndSetChildDomain (41ms)
		EndReloadAssembly (846ms)
			LoadAssemblies (121ms)
			RebuildTransferFunctionScriptingTraits (0ms)
			SetupTypeCache (279ms)
			ReleaseScriptCaches (1ms)
			RebuildScriptCaches (45ms)
			SetupLoadedEditorAssemblies (356ms)
				LogAssemblyErrors (0ms)
				InitializePlatformSupportModulesInManaged (17ms)
				SetLoadedEditorAssemblies (0ms)
				RefreshPlugins (1ms)
				BeforeProcessingInitializeOnLoad (85ms)
				ProcessInitializeOnLoadAttributes (216ms)
				ProcessInitializeOnLoadMethodAttributes (25ms)
				AfterProcessingInitializeOnLoad (11ms)
				EditorAssembliesLoaded (0ms)
			ExecutionOrderSort2 (0ms)
			AwakeInstancesAfterBackupRestoration (8ms)
Platform modules already initialized, skipping
Refreshing native plugins compatible for Editor in 0.78 ms, found 4 plugins.
Preloading 0 native plugins for Editor in 0.00 ms.
Unloading 3526 Unused Serialized files (Serialized files now loaded: 0)
Unloading 35 unused Assets / (24.6 KB). Loaded Objects now: 4019.
Memory consumption went from 125.5 MB to 125.5 MB.
Total: 3.050600 ms (FindLiveObjects: 0.318200 ms CreateObjectMapping: 0.222400 ms MarkObjects: 2.465800 ms  DeleteObjects: 0.043500 ms)

AssetImportParameters requested are different than current active one (requested -> active):
  graphicsApiMask: 2048 -> 2304
  custom:video-decoder-ogg-theora: a1e56fd34408186e4bbccfd4996cb3dc -> 
  custom:container-muxer-webm: aa71ff27fc2769a1b78a27578f13a17b -> 
  custom:container-demuxer-webm: 4f35f7cbe854078d1ac9338744f61a02 -> 
  custom:video-encoder-webm-vp8: eb34c28f22e8b96e1ab97ce403110664 -> 
  custom:video-codec-MediaFoundation-h265: 746d11721c4dcdbdad8f713fa42b33f4 -> 
  custom:audio-encoder-webm-vorbis: bf7c407c2cedff20999df2af8eb42d56 -> 
  custom:framework-win-MediaFoundation: 216162199b28c13a410421893ffa2e32 -> 
  custom:container-demuxer-ogg: 62fdf1f143b41e24485cea50d1cbac27 -> 
  custom:video-decoder-webm-vp8: 9c59270c3fd7afecdb556c50c9e8de78 -> 
  custom:audio-decoder-ogg-vorbis: bf7c407c2cedff20999df2af8eb42d56 -> 
========================================================================
Received Prepare
Refreshing native plugins compatible for Editor in 12.64 ms, found 4 plugins.
Preloading 0 native plugins for Editor in 0.00 ms.
Unloading 33 Unused Serialized files (Serialized files now loaded: 0)
Unloading 33 unused Assets / (23.0 KB). Loaded Objects now: 4019.
Memory consumption went from 55.6 MB to 55.6 MB.
Total: 4.180700 ms (FindLiveObjects: 0.416600 ms CreateObjectMapping: 0.323100 ms MarkObjects: 3.402700 ms  DeleteObjects: 0.037300 ms)

AssetImportParameters requested are different than current active one (requested -> active):
  custom:video-decoder-ogg-theora: a1e56fd34408186e4bbccfd4996cb3dc -> 
  custom:container-muxer-webm: aa71ff27fc2769a1b78a27578f13a17b -> 
  custom:container-demuxer-webm: 4f35f7cbe854078d1ac9338744f61a02 -> 
  custom:video-encoder-webm-vp8: eb34c28f22e8b96e1ab97ce403110664 -> 
  custom:video-codec-MediaFoundation-h265: 746d11721c4dcdbdad8f713fa42b33f4 -> 
  custom:audio-encoder-webm-vorbis: bf7c407c2cedff20999df2af8eb42d56 -> 
  custom:framework-win-MediaFoundation: 216162199b28c13a410421893ffa2e32 -> 
  custom:container-demuxer-ogg: 62fdf1f143b41e24485cea50d1cbac27 -> 
  custom:video-decoder-webm-vp8: 9c59270c3fd7afecdb556c50c9e8de78 -> 
  custom:audio-decoder-ogg-vorbis: bf7c407c2cedff20999df2af8eb42d56 -> 
